<?xml version="1.0" encoding="UTF-8"?>
<!-- Generated by org.testng.reporters.JUnitReportReporter -->
<testsuite hostname="DABHADE-HOME" failures="0" tests="2" name="testClass.TestClass1" time="24.683" errors="0" timestamp="2022-09-17T22:10:44 IST" skipped="0">
  <testcase classname="testClass.TestClass1" name="verifyLogInPage" time="1.581"/>
  <system-out/>
  <testcase classname="testClass.TestClass1" name="verifyHomePage" time="23.102"/>
  <system-out/>
</testsuite> <!-- testClass.TestClass1 -->
