<?xml version="1.0" encoding="UTF-8"?>
<!-- Generated by org.testng.reporters.JUnitReportReporter -->
<testsuite hostname="DABHADE-HOME" failures="0" tests="2" name="testClass.ExtendReport" time="16.917" errors="0" timestamp="2022-09-19T13:19:50 IST" skipped="0">
  <testcase classname="testClass.ExtendReport" name="verifyLogInPage" time="12.234"/>
  <system-out/>
  <testcase classname="testClass.ExtendReport" name="verifyHomePage" time="4.683"/>
  <system-out/>
</testsuite> <!-- testClass.ExtendReport -->
